<?xml version="1.0" encoding="UTF-8"?>
<!-- Generated by org.testng.reporters.JUnitXMLReporter -->
<testsuite ignored="0" hostname="RASHI" failures="0" tests="3" name="Test" time="65.484" errors="0" timestamp="2023-07-28T14:46:07 IST">
  <testcase classname="Velocity.ChichwadMaven2.Flipkart" name="flipkarttest" time="25.434"/>
  <testcase classname="Velocity.ChichwadMaven2.Facebook" name="f" time="9.705"/>
  <testcase classname="Velocity.ChichwadMaven2.Amazon" name="amazontest" time="30.232"/>
</testsuite> <!-- Test -->
