<?xml version="1.0" encoding="UTF-8"?>
<testng-results ignored="0" total="3" passed="3" failed="0" skipped="0">
  <reporter-output>
    <line>
      <![CDATA[opening flipkart]]>
    </line>
    <line>
      <![CDATA[opening facebook]]>
    </line>
    <line>
      <![CDATA[opening amazon]]>
    </line>
  </reporter-output>
  <suite started-at="2023-07-28T14:45:02 IST" name="Suite" finished-at="2023-07-28T14:46:07 IST" duration-ms="65484">
    <groups>
    </groups>
    <test started-at="2023-07-28T14:45:02 IST" name="Test" finished-at="2023-07-28T14:46:07 IST" duration-ms="65484">
      <class name="Velocity.ChichwadMaven2.Flipkart">
        <test-method signature="flipkarttest()[pri:0, instance:Velocity.ChichwadMaven2.Flipkart@619713e5]" started-at="2023-07-28T14:45:02 IST" name="flipkarttest" finished-at="2023-07-28T14:45:27 IST" duration-ms="25434" status="PASS">
          <reporter-output>
            <line>
              <![CDATA[opening flipkart]]>
            </line>
          </reporter-output>
        </test-method> <!-- flipkarttest -->
      </class> <!-- Velocity.ChichwadMaven2.Flipkart -->
      <class name="Velocity.ChichwadMaven2.Facebook">
        <test-method signature="f()[pri:0, instance:Velocity.ChichwadMaven2.Facebook@2f7298b]" started-at="2023-07-28T14:45:27 IST" name="f" finished-at="2023-07-28T14:45:37 IST" duration-ms="9705" status="PASS">
          <reporter-output>
            <line>
              <![CDATA[opening facebook]]>
            </line>
          </reporter-output>
        </test-method> <!-- f -->
      </class> <!-- Velocity.ChichwadMaven2.Facebook -->
      <class name="Velocity.ChichwadMaven2.Amazon">
        <test-method signature="amazontest()[pri:0, instance:Velocity.ChichwadMaven2.Amazon@188715b5]" started-at="2023-07-28T14:45:37 IST" name="amazontest" finished-at="2023-07-28T14:46:07 IST" duration-ms="30232" status="PASS">
          <reporter-output>
            <line>
              <![CDATA[opening amazon]]>
            </line>
          </reporter-output>
        </test-method> <!-- amazontest -->
      </class> <!-- Velocity.ChichwadMaven2.Amazon -->
    </test> <!-- Test -->
  </suite> <!-- Suite -->
</testng-results>
